e:\codeandfile\cpplanguage\cppprimercode\09section\09section\09section\debug\vc141.pdb
e:\codeandfile\cpplanguage\cppprimercode\09section\09section\09section\debug\vc141.idb
e:\codeandfile\cpplanguage\cppprimercode\09section\09section\09section\debug\test.obj
e:\codeandfile\cpplanguage\cppprimercode\09section\09section\09section\debug\ex01.obj
e:\codeandfile\cpplanguage\cppprimercode\09section\09section\09section\debug\9.4.obj
e:\codeandfile\cpplanguage\cppprimercode\09section\09section\09section\debug\9.5.obj
e:\codeandfile\cpplanguage\cppprimercode\09section\09section\09section\debug\9.7.obj
e:\codeandfile\cpplanguage\cppprimercode\09section\09section\09section\debug\9.12.obj
e:\codeandfile\cpplanguage\cppprimercode\09section\09section\09section\debug\9.13.obj
e:\codeandfile\cpplanguage\cppprimercode\09section\09section\09section\debug\9.14.obj
e:\codeandfile\cpplanguage\cppprimercode\09section\09section\09section\debug\9.15.obj
e:\codeandfile\cpplanguage\cppprimercode\09section\09section\09section\debug\9.16.obj
e:\codeandfile\cpplanguage\cppprimercode\09section\09section\09section\debug\ex03.obj
e:\codeandfile\cpplanguage\cppprimercode\09section\09section\09section\debug\9.18.obj
e:\codeandfile\cpplanguage\cppprimercode\09section\09section\09section\debug\9.19.obj
e:\codeandfile\cpplanguage\cppprimercode\09section\09section\09section\debug\9.20.obj
e:\codeandfile\cpplanguage\cppprimercode\09section\09section\09section\debug\9.21.obj
e:\codeandfile\cpplanguage\cppprimercode\09section\09section\09section\debug\9.22.obj
e:\codeandfile\cpplanguage\cppprimercode\09section\09section\09section\debug\9.25.obj
e:\codeandfile\cpplanguage\cppprimercode\09section\09section\09section\debug\9.26.obj
e:\codeandfile\cpplanguage\cppprimercode\09section\09section\09section\debug\9.27.obj
e:\codeandfile\cpplanguage\cppprimercode\09section\09section\09section\debug\9.28.obj
e:\codeandfile\cpplanguage\cppprimercode\09section\09section\09section\debug\9.31.obj
e:\codeandfile\cpplanguage\cppprimercode\09section\09section\09section\debug\9.32.obj
e:\codeandfile\cpplanguage\cppprimercode\09section\09section\09section\debug\9.33.obj
e:\codeandfile\cpplanguage\cppprimercode\09section\09section\09section\debug\9.34.obj
e:\codeandfile\cpplanguage\cppprimercode\09section\09section\09section\debug\ex04.obj
e:\codeandfile\cpplanguage\cppprimercode\09section\09section\09section\debug\9.38.obj
e:\codeandfile\cpplanguage\cppprimercode\09section\09section\09section\debug\9.39.obj
e:\codeandfile\cpplanguage\cppprimercode\09section\09section\09section\debug\9.40.obj
e:\codeandfile\cpplanguage\cppprimercode\09section\09section\09section\debug\9.41.obj
e:\codeandfile\cpplanguage\cppprimercode\09section\09section\09section\debug\ex05.obj
e:\codeandfile\cpplanguage\cppprimercode\09section\09section\09section\debug\9.42.obj
e:\codeandfile\cpplanguage\cppprimercode\09section\09section\09section\debug\9.43.obj
e:\codeandfile\cpplanguage\cppprimercode\09section\09section\09section\debug\9.44.obj
e:\codeandfile\cpplanguage\cppprimercode\09section\09section\09section\debug\9.45.obj
e:\codeandfile\cpplanguage\cppprimercode\09section\09section\09section\debug\9.46.obj
e:\codeandfile\cpplanguage\cppprimercode\09section\09section\09section\debug\9.47.obj
e:\codeandfile\cpplanguage\cppprimercode\09section\09section\09section\debug\9.48.obj
e:\codeandfile\cpplanguage\cppprimercode\09section\09section\09section\debug\9.49.obj
e:\codeandfile\cpplanguage\cppprimercode\09section\09section\debug\09section.exe
e:\codeandfile\cpplanguage\cppprimercode\09section\09section\debug\09section.ilk
e:\codeandfile\cpplanguage\cppprimercode\09section\09section\debug\09section.pdb
e:\codeandfile\cpplanguage\cppprimercode\09section\09section\09section\debug\09section.tlog\cl.command.1.tlog
e:\codeandfile\cpplanguage\cppprimercode\09section\09section\09section\debug\09section.tlog\cl.read.1.tlog
e:\codeandfile\cpplanguage\cppprimercode\09section\09section\09section\debug\09section.tlog\cl.write.1.tlog
e:\codeandfile\cpplanguage\cppprimercode\09section\09section\09section\debug\09section.tlog\link.command.1.tlog
e:\codeandfile\cpplanguage\cppprimercode\09section\09section\09section\debug\09section.tlog\link.read.1.tlog
e:\codeandfile\cpplanguage\cppprimercode\09section\09section\09section\debug\09section.tlog\link.write.1.tlog
