e:\codeandfile\cpplanguage\cppprimercode\03section\03section\03section\debug\vc141.pdb
e:\codeandfile\cpplanguage\cppprimercode\03section\03section\03section\debug\vc141.idb
e:\codeandfile\cpplanguage\cppprimercode\03section\03section\03section\debug\3.20.obj
e:\codeandfile\cpplanguage\cppprimercode\03section\03section\03section\debug\ex03_vector.obj
e:\codeandfile\cpplanguage\cppprimercode\03section\03section\03section\debug\test.obj
e:\codeandfile\cpplanguage\cppprimercode\03section\03section\03section\debug\ex04_introducting iterators.obj
e:\codeandfile\cpplanguage\cppprimercode\03section\03section\03section\debug\3.16.obj
e:\codeandfile\cpplanguage\cppprimercode\03section\03section\03section\debug\3.21.obj
e:\codeandfile\cpplanguage\cppprimercode\03section\03section\03section\debug\3.22.obj
e:\codeandfile\cpplanguage\cppprimercode\03section\03section\03section\debug\3.23.obj
e:\codeandfile\cpplanguage\cppprimercode\03section\03section\03section\debug\3.24.obj
e:\codeandfile\cpplanguage\cppprimercode\03section\03section\03section\debug\3.25.obj
e:\codeandfile\cpplanguage\cppprimercode\03section\03section\03section\debug\ex05_array.obj
e:\codeandfile\cpplanguage\cppprimercode\03section\03section\03section\debug\3.28.obj
e:\codeandfile\cpplanguage\cppprimercode\03section\03section\03section\debug\3.30.obj
e:\codeandfile\cpplanguage\cppprimercode\03section\03section\03section\debug\3.31.obj
e:\codeandfile\cpplanguage\cppprimercode\03section\03section\03section\debug\3.32.obj
e:\codeandfile\cpplanguage\cppprimercode\03section\03section\debug\03section.exe
e:\codeandfile\cpplanguage\cppprimercode\03section\03section\debug\03section.ilk
e:\codeandfile\cpplanguage\cppprimercode\03section\03section\debug\03section.pdb
e:\codeandfile\cpplanguage\cppprimercode\03section\03section\03section\debug\03section.tlog\cl.command.1.tlog
e:\codeandfile\cpplanguage\cppprimercode\03section\03section\03section\debug\03section.tlog\cl.read.1.tlog
e:\codeandfile\cpplanguage\cppprimercode\03section\03section\03section\debug\03section.tlog\cl.write.1.tlog
e:\codeandfile\cpplanguage\cppprimercode\03section\03section\03section\debug\03section.tlog\link.command.1.tlog
e:\codeandfile\cpplanguage\cppprimercode\03section\03section\03section\debug\03section.tlog\link.read.1.tlog
e:\codeandfile\cpplanguage\cppprimercode\03section\03section\03section\debug\03section.tlog\link.write.1.tlog
