e:\codeandfile\cpplanguage\cppprimercode\06section\06section\06section\debug\vc141.pdb
e:\codeandfile\cpplanguage\cppprimercode\06section\06section\06section\debug\vc141.idb
e:\codeandfile\cpplanguage\cppprimercode\06section\06section\06section\debug\6.19.obj
e:\codeandfile\cpplanguage\cppprimercode\06section\06section\06section\debug\ex_函数.obj
e:\codeandfile\cpplanguage\cppprimercode\06section\06section\06section\debug\test.obj
e:\codeandfile\cpplanguage\cppprimercode\06section\06section\06section\debug\6.21.obj
e:\codeandfile\cpplanguage\cppprimercode\06section\06section\debug\06section.exe
e:\codeandfile\cpplanguage\cppprimercode\06section\06section\debug\06section.ilk
e:\codeandfile\cpplanguage\cppprimercode\06section\06section\debug\06section.pdb
e:\codeandfile\cpplanguage\cppprimercode\06section\06section\06section\debug\06section.tlog\cl.command.1.tlog
e:\codeandfile\cpplanguage\cppprimercode\06section\06section\06section\debug\06section.tlog\cl.read.1.tlog
e:\codeandfile\cpplanguage\cppprimercode\06section\06section\06section\debug\06section.tlog\cl.write.1.tlog
e:\codeandfile\cpplanguage\cppprimercode\06section\06section\06section\debug\06section.tlog\link.2872-cvtres.read.1.tlog
e:\codeandfile\cpplanguage\cppprimercode\06section\06section\06section\debug\06section.tlog\link.2872-cvtres.write.1.tlog
e:\codeandfile\cpplanguage\cppprimercode\06section\06section\06section\debug\06section.tlog\link.2872-rc.read.1.tlog
e:\codeandfile\cpplanguage\cppprimercode\06section\06section\06section\debug\06section.tlog\link.2872-rc.write.1.tlog
e:\codeandfile\cpplanguage\cppprimercode\06section\06section\06section\debug\06section.tlog\link.2872.read.1.tlog
e:\codeandfile\cpplanguage\cppprimercode\06section\06section\06section\debug\06section.tlog\link.2872.write.1.tlog
e:\codeandfile\cpplanguage\cppprimercode\06section\06section\06section\debug\06section.tlog\link.command.1.tlog
e:\codeandfile\cpplanguage\cppprimercode\06section\06section\06section\debug\06section.tlog\link.read.1.tlog
e:\codeandfile\cpplanguage\cppprimercode\06section\06section\06section\debug\06section.tlog\link.write.1.tlog
