e:\codeandfile\cpplanguage\cppprimercode\04section\04section\04section\debug\vc141.pdb
e:\codeandfile\cpplanguage\cppprimercode\04section\04section\04section\debug\vc141.idb
e:\codeandfile\cpplanguage\cppprimercode\04section\04section\04section\debug\4.1.obj
e:\codeandfile\cpplanguage\cppprimercode\04section\04section\04section\debug\test.obj
e:\codeandfile\cpplanguage\cppprimercode\04section\04section\04section\debug\4.2.obj
e:\codeandfile\cpplanguage\cppprimercode\04section\04section\04section\debug\ex01_算术运算符.obj
e:\codeandfile\cpplanguage\cppprimercode\04section\04section\04section\debug\4.4.obj
e:\codeandfile\cpplanguage\cppprimercode\04section\04section\04section\debug\4.5.obj
e:\codeandfile\cpplanguage\cppprimercode\04section\04section\04section\debug\4.6.obj
e:\codeandfile\cpplanguage\cppprimercode\04section\04section\04section\debug\4.7.obj
e:\codeandfile\cpplanguage\cppprimercode\04section\04section\debug\04section.exe
e:\codeandfile\cpplanguage\cppprimercode\04section\04section\debug\04section.ilk
e:\codeandfile\cpplanguage\cppprimercode\04section\04section\debug\04section.pdb
e:\codeandfile\cpplanguage\cppprimercode\04section\04section\04section\debug\04section.tlog\cl.command.1.tlog
e:\codeandfile\cpplanguage\cppprimercode\04section\04section\04section\debug\04section.tlog\cl.read.1.tlog
e:\codeandfile\cpplanguage\cppprimercode\04section\04section\04section\debug\04section.tlog\cl.write.1.tlog
e:\codeandfile\cpplanguage\cppprimercode\04section\04section\04section\debug\04section.tlog\link.8568.read.1.tlog
e:\codeandfile\cpplanguage\cppprimercode\04section\04section\04section\debug\04section.tlog\link.8568.write.1.tlog
e:\codeandfile\cpplanguage\cppprimercode\04section\04section\04section\debug\04section.tlog\link.command.1.tlog
e:\codeandfile\cpplanguage\cppprimercode\04section\04section\04section\debug\04section.tlog\link.read.1.tlog
e:\codeandfile\cpplanguage\cppprimercode\04section\04section\04section\debug\04section.tlog\link.write.1.tlog
